\BOOKMARK [1][-]{section.1}{Software architecture}{}% 1
\BOOKMARK [2][-]{subsection.1.1}{connexion handling}{section.1}% 2
\BOOKMARK [3][-]{subsubsection.1.1.1}{WebServer}{subsection.1.1}% 3
\BOOKMARK [3][-]{subsubsection.1.1.2}{Worker}{subsection.1.1}% 4
\BOOKMARK [2][-]{subsection.1.2}{Request handling}{section.1}% 5
\BOOKMARK [3][-]{subsubsection.1.2.1}{RequestHandler}{subsection.1.2}% 6
\BOOKMARK [3][-]{subsubsection.1.2.2}{HTTPRequest}{subsection.1.2}% 7
\BOOKMARK [3][-]{subsubsection.1.2.3}{HTTPReply}{subsection.1.2}% 8
\BOOKMARK [3][-]{subsubsection.1.2.4}{HTTPRedirectionReply}{subsection.1.2}% 9
\BOOKMARK [3][-]{subsubsection.1.2.5}{MethodExecutor}{subsection.1.2}% 10
\BOOKMARK [2][-]{subsection.1.3}{client side}{section.1}% 11
\BOOKMARK [3][-]{subsubsection.1.3.1}{HTMLPage}{subsection.1.3}% 12
\BOOKMARK [2][-]{subsection.1.4}{Other classes}{section.1}% 13
\BOOKMARK [3][-]{subsubsection.1.4.1}{Colors}{subsection.1.4}% 14
\BOOKMARK [3][-]{subsubsection.1.4.2}{Combination}{subsection.1.4}% 15
\BOOKMARK [3][-]{subsubsection.1.4.3}{Cookie}{subsection.1.4}% 16
\BOOKMARK [3][-]{subsubsection.1.4.4}{FileType}{subsection.1.4}% 17
\BOOKMARK [3][-]{subsubsection.1.4.5}{HTTP}{subsection.1.4}% 18
\BOOKMARK [3][-]{subsubsection.1.4.6}{HTTPOption}{subsection.1.4}% 19
\BOOKMARK [3][-]{subsubsection.1.4.7}{ReturnCode}{subsection.1.4}% 20
\BOOKMARK [1][-]{section.2}{Multi-thread coordination}{}% 21
\BOOKMARK [1][-]{section.3}{Limits}{}% 22
\BOOKMARK [1][-]{section.4}{Possible improvements}{}% 23
